<?xml version="1.0" encoding="UTF-8"?>
<!-- Generated by org.testng.reporters.JUnitReportReporter -->
<testsuite hostname="sangeeth-l4hj" failures="0" tests="1" name="com.amazon.testcases.TestExcelSheet" time="0.029" errors="0" timestamp="2023-04-28T13:06:11 UTC" skipped="0">
  <testcase classname="com.amazon.testcases.TestExcelSheet" name="readTestData" time="0.029"/>
  <system-out/>
</testsuite> <!-- com.amazon.testcases.TestExcelSheet -->
